Using pre-set license
Built from '2020.3/staging' branch; Version is '2020.3.21f1 (a38c86f6690f) revision 10718342'; Using compiler version '192528614'; Build Type 'Release'
OS: 'Windows 10 Pro; OS build 19042.1415; Version 2009; 64bit' Language: 'pt' Physical Memory: 8066 MB
BatchMode: 1, IsHumanControllingUs: 0, StartBugReporterOnCrash: 0, Is64bit: 1, IsPro: 0

COMMAND LINE ARGUMENTS:
C:\Program Files\Unity\Hub\Editor\2020.3.21f1\Editor\Unity.exe
-adb2
-batchMode
-noUpm
-name
AssetImportWorker7
-projectPath
L:/Gabriel/Estudo/ETEC/ZOutras e Projetos/TCC - Trabalho de Conclus達o de Curso/Projeto Unity - 2021 12 03/TCC - Jogo - 2021 12 03
-logFile
Logs/AssetImportWorker7.log
-srvPort
50429
Successfully changed project path to: L:/Gabriel/Estudo/ETEC/ZOutras e Projetos/TCC - Trabalho de Conclus達o de Curso/Projeto Unity - 2021 12 03/TCC - Jogo - 2021 12 03
L:/Gabriel/Estudo/ETEC/ZOutras e Projetos/TCC - Trabalho de Conclus達o de Curso/Projeto Unity - 2021 12 03/TCC - Jogo - 2021 12 03
Using Asset Import Pipeline V2.
Refreshing native plugins compatible for Editor in 234.41 ms, found 3 plugins.
Preloading 0 native plugins for Editor in 0.00 ms.
Initialize engine version: 2020.3.21f1 (a38c86f6690f)
[Subsystems] Discovering subsystems at path C:/Program Files/Unity/Hub/Editor/2020.3.21f1/Editor/Data/Resources/UnitySubsystems
[Subsystems] Discovering subsystems at path L:/Gabriel/Estudo/ETEC/ZOutras e Projetos/TCC - Trabalho de Conclus達o de Curso/Projeto Unity - 2021 12 03/TCC - Jogo - 2021 12 03/Assets
GfxDevice: creating device client; threaded=0
Direct3D:
    Version:  Direct3D 11.0 [level 11.0]
    Renderer: Intel(R) HD Graphics (ID=0x152)
    Vendor:   
    VRAM:     128 MB
    Driver:   10.18.10.4358
Initialize mono
Mono path[0] = 'C:/Program Files/Unity/Hub/Editor/2020.3.21f1/Editor/Data/Managed'
Mono path[1] = 'C:/Program Files/Unity/Hub/Editor/2020.3.21f1/Editor/Data/MonoBleedingEdge/lib/mono/unityjit'
Mono config path = 'C:/Program Files/Unity/Hub/Editor/2020.3.21f1/Editor/Data/MonoBleedingEdge/etc'
Using monoOptions --debugger-agent=transport=dt_socket,embedding=1,server=y,suspend=n,address=127.0.0.1:56808
Begin MonoManager ReloadAssembly
Registering precompiled unity dll's ...
Register platform support module: C:/Program Files/Unity/Hub/Editor/2020.3.21f1/Editor/Data/PlaybackEngines/WebGLSupport/UnityEditor.WebGL.Extensions.dll
Register platform support module: C:/Program Files/Unity/Hub/Editor/2020.3.21f1/Editor/Data/PlaybackEngines/WindowsStandaloneSupport/UnityEditor.WindowsStandalone.Extensions.dll
Registered in 0.013311 seconds.
Native extension for WindowsStandalone target not found
Native extension for WebGL target not found
Refreshing native plugins compatible for Editor in 230.06 ms, found 3 plugins.
Preloading 0 native plugins for Editor in 0.00 ms.
Mono: successfully reloaded assembly
- Completed reload, in 12.943 seconds
Domain Reload Profiling:
	ReloadAssembly (12944ms)
		BeginReloadAssembly (316ms)
			ExecutionOrderSort (0ms)
			DisableScriptedObjects (0ms)
			BackupInstance (0ms)
			ReleaseScriptingObjects (0ms)
			CreateAndSetChildDomain (2ms)
		EndReloadAssembly (1791ms)
			LoadAssemblies (303ms)
			RebuildTransferFunctionScriptingTraits (0ms)
			SetupTypeCache (538ms)
			ReleaseScriptCaches (0ms)
			RebuildScriptCaches (113ms)
			SetupLoadedEditorAssemblies (724ms)
				LogAssemblyErrors (0ms)
				InitializePlatformSupportModulesInManaged (19ms)
				SetLoadedEditorAssemblies (0ms)
				RefreshPlugins (230ms)
				BeforeProcessingInitializeOnLoad (40ms)
				ProcessInitializeOnLoadAttributes (325ms)
				ProcessInitializeOnLoadMethodAttributes (108ms)
				AfterProcessingInitializeOnLoad (0ms)
				EditorAssembliesLoaded (1ms)
			ExecutionOrderSort2 (0ms)
			AwakeInstancesAfterBackupRestoration (0ms)
Platform modules already initialized, skipping
Registering precompiled user dll's ...
Registered in 0.018554 seconds.
Begin MonoManager ReloadAssembly
Native extension for WindowsStandalone target not found
Native extension for WebGL target not found
Refreshing native plugins compatible for Editor in 184.88 ms, found 3 plugins.
Preloading 0 native plugins for Editor in 0.00 ms.
Mono: successfully reloaded assembly
- Completed reload, in  5.498 seconds
Domain Reload Profiling:
	ReloadAssembly (5502ms)
		BeginReloadAssembly (800ms)
			ExecutionOrderSort (0ms)
			DisableScriptedObjects (55ms)
			BackupInstance (0ms)
			ReleaseScriptingObjects (0ms)
			CreateAndSetChildDomain (116ms)
		EndReloadAssembly (4452ms)
			LoadAssemblies (542ms)
			RebuildTransferFunctionScriptingTraits (0ms)
			SetupTypeCache (1032ms)
			ReleaseScriptCaches (3ms)
			RebuildScriptCaches (194ms)
			SetupLoadedEditorAssemblies (1883ms)
				LogAssemblyErrors (0ms)
				InitializePlatformSupportModulesInManaged (17ms)
				SetLoadedEditorAssemblies (0ms)
				RefreshPlugins (185ms)
				BeforeProcessingInitializeOnLoad (343ms)
				ProcessInitializeOnLoadAttributes (1226ms)
				ProcessInitializeOnLoadMethodAttributes (74ms)
				AfterProcessingInitializeOnLoad (36ms)
				EditorAssembliesLoaded (0ms)
			ExecutionOrderSort2 (0ms)
			AwakeInstancesAfterBackupRestoration (28ms)
Platform modules already initialized, skipping
========================================================================
Worker process is ready to serve import requests
Launched and connected shader compiler UnityShaderCompiler.exe after 0.70 seconds
Refreshing native plugins compatible for Editor in 1.15 ms, found 3 plugins.
Preloading 0 native plugins for Editor in 0.00 ms.
Unloading 2557 Unused Serialized files (Serialized files now loaded: 0)
System memory in use before: 112.1 MB.
System memory in use after: 112.2 MB.

Unloading 30 unused Assets to reduce memory usage. Loaded Objects now: 2995.
Total: 7.369100 ms (FindLiveObjects: 0.896500 ms CreateObjectMapping: 0.377800 ms MarkObjects: 5.940800 ms  DeleteObjects: 0.150600 ms)

AssetImportParameters requested are different than current active one (requested -> active):
  custom:framework-win-MediaFoundation: 216162199b28c13a410421893ffa2e32 -> 
  custom:video-decoder-ogg-theora: a1e56fd34408186e4bbccfd4996cb3dc -> 
  custom:container-muxer-webm: aa71ff27fc2769a1b78a27578f13a17b -> 
  custom:container-demuxer-webm: 4f35f7cbe854078d1ac9338744f61a02 -> 
  custom:container-demuxer-ogg: 62fdf1f143b41e24485cea50d1cbac27 -> 
  custom:video-encoder-webm-vp8: eb34c28f22e8b96e1ab97ce403110664 -> 
  custom:video-decoder-webm-vp8: 9c59270c3fd7afecdb556c50c9e8de78 -> 
  custom:audio-decoder-ogg-vorbis: bf7c407c2cedff20999df2af8eb42d56 -> 
  custom:audio-encoder-webm-vorbis: bf7c407c2cedff20999df2af8eb42d56 -> 
========================================================================
Received Import Request.
  path: Assets/3Sprites/Cenary/sprite_2.png
  artifactKey: Guid(d13547c8de788874db36e96679372475) Importer(815301076,1909f56bfc062723c751e8b465ee728b)
Start importing Assets/3Sprites/Cenary/sprite_2.png using Guid(d13547c8de788874db36e96679372475) Importer(815301076,1909f56bfc062723c751e8b465ee728b)  -> (artifact id: 'af6a7d9a53d962046a8de550d88d707d') in 0.629429 seconds 
  Import took 0.665365 seconds .

========================================================================
Received Import Request.
  Time since last request: 0.049821 seconds.
  path: Assets/3Sprites/Cenary/sprite_3.png
  artifactKey: Guid(13ec5f8ecd435eb45990e06edb29c0e3) Importer(815301076,1909f56bfc062723c751e8b465ee728b)
Start importing Assets/3Sprites/Cenary/sprite_3.png using Guid(13ec5f8ecd435eb45990e06edb29c0e3) Importer(815301076,1909f56bfc062723c751e8b465ee728b)  -> (artifact id: '2c2d1e6d94d5441fa5b3e68449531080') in 0.158211 seconds 
  Import took 0.178148 seconds .

========================================================================
Received Import Request.
  Time since last request: 0.001268 seconds.
  path: Assets/3Sprites/Cenary/sprite_1 1.png
  artifactKey: Guid(8632ca5a398941c42a263610e90a9b5d) Importer(815301076,1909f56bfc062723c751e8b465ee728b)
Start importing Assets/3Sprites/Cenary/sprite_1 1.png using Guid(8632ca5a398941c42a263610e90a9b5d) Importer(815301076,1909f56bfc062723c751e8b465ee728b)  -> (artifact id: '78fa60dbbdbeacdf81f34666ed05e2c2') in 0.085878 seconds 
  Import took 0.172182 seconds .

========================================================================
Received Import Request.
  Time since last request: 0.001094 seconds.
  path: Assets/3Sprites/Cenary/Map_reference_eye_idle.png
  artifactKey: Guid(4b61cd14e6304d84fa3a1ef6fb35afc1) Importer(815301076,1909f56bfc062723c751e8b465ee728b)
Start importing Assets/3Sprites/Cenary/Map_reference_eye_idle.png using Guid(4b61cd14e6304d84fa3a1ef6fb35afc1) Importer(815301076,1909f56bfc062723c751e8b465ee728b)  -> (artifact id: '7ba567f1dc73ed1970256d6799afb45f') in 0.225936 seconds 
  Import took 0.276066 seconds .

========================================================================
Received Import Request.
  Time since last request: 0.000710 seconds.
  path: Assets/3Sprites/Cenary/sprite_0.png
  artifactKey: Guid(4b4068c8e918d8b439ce02554b726565) Importer(815301076,1909f56bfc062723c751e8b465ee728b)
Start importing Assets/3Sprites/Cenary/sprite_0.png using Guid(4b4068c8e918d8b439ce02554b726565) Importer(815301076,1909f56bfc062723c751e8b465ee728b)  -> (artifact id: 'a5aadb98a8cd4044ad237324f439648a') in 0.198059 seconds 
  Import took 0.275249 seconds .

========================================================================
Received Import Request.
  Time since last request: 0.000847 seconds.
  path: Assets/3Sprites/Cenary/sprite_4.png
  artifactKey: Guid(17bc6d6159fa9d943bb388e877645537) Importer(815301076,1909f56bfc062723c751e8b465ee728b)
Start importing Assets/3Sprites/Cenary/sprite_4.png using Guid(17bc6d6159fa9d943bb388e877645537) Importer(815301076,1909f56bfc062723c751e8b465ee728b)  -> (artifact id: '07459e22e8e15a00c7d2d5cce27904e8') in 0.176649 seconds 
  Import took 0.227130 seconds .

========================================================================
Received Import Request.
  Time since last request: 0.037708 seconds.
  path: Assets/3Sprites/Cenary/sprite_2 1.png
  artifactKey: Guid(70088d882812c874696380d058fcaca7) Importer(815301076,1909f56bfc062723c751e8b465ee728b)
Start importing Assets/3Sprites/Cenary/sprite_2 1.png using Guid(70088d882812c874696380d058fcaca7) Importer(815301076,1909f56bfc062723c751e8b465ee728b)  -> (artifact id: 'ee5835347edaffbe8b27c26369d870f0') in 0.154741 seconds 
  Import took 0.179649 seconds .

========================================================================
Received Import Request.
  Time since last request: 0.007050 seconds.
  path: Assets/3Sprites/Cenary/sprite_0 1.png
  artifactKey: Guid(61ff3c1b4daf8c546b6e75b6cd4336d4) Importer(815301076,1909f56bfc062723c751e8b465ee728b)
Start importing Assets/3Sprites/Cenary/sprite_0 1.png using Guid(61ff3c1b4daf8c546b6e75b6cd4336d4) Importer(815301076,1909f56bfc062723c751e8b465ee728b)  -> (artifact id: '7e6d4bf3756a8dd17ce547b158803902') in 0.135060 seconds 
  Import took 0.217826 seconds .

========================================================================
Received Import Request.
  Time since last request: 0.073052 seconds.
  path: Assets/3Sprites/Cenary/sprite_1.png
  artifactKey: Guid(44d1e63725587ff448d1b527823f096e) Importer(815301076,1909f56bfc062723c751e8b465ee728b)
Start importing Assets/3Sprites/Cenary/sprite_1.png using Guid(44d1e63725587ff448d1b527823f096e) Importer(815301076,1909f56bfc062723c751e8b465ee728b)  -> (artifact id: '57a7ef96c0fe824a4fae1b974b2fc5e8') in 0.207564 seconds 
  Import took 0.239500 seconds .

========================================================================
Received Import Request.
  Time since last request: 0.000845 seconds.
  path: Assets/3Sprites/Cenary/sprite_3 1.png
  artifactKey: Guid(b583374993ec79545ae9814459eff809) Importer(815301076,1909f56bfc062723c751e8b465ee728b)
Start importing Assets/3Sprites/Cenary/sprite_3 1.png using Guid(b583374993ec79545ae9814459eff809) Importer(815301076,1909f56bfc062723c751e8b465ee728b)  -> (artifact id: '313fe6817cf7629cd6936ab40d698427') in 0.192826 seconds 
  Import took 0.252959 seconds .

========================================================================
Received Prepare
Registering precompiled user dll's ...
Registered in 0.064536 seconds.
Begin MonoManager ReloadAssembly
Native extension for WindowsStandalone target not found
Native extension for WebGL target not found
Refreshing native plugins compatible for Editor in 6.48 ms, found 3 plugins.
Preloading 0 native plugins for Editor in 0.00 ms.
Mono: successfully reloaded assembly
- Completed reload, in 50.518 seconds
Domain Reload Profiling:
	ReloadAssembly (50519ms)
		BeginReloadAssembly (19635ms)
			ExecutionOrderSort (0ms)
			DisableScriptedObjects (75ms)
			BackupInstance (0ms)
			ReleaseScriptingObjects (0ms)
			CreateAndSetChildDomain (6717ms)
		EndReloadAssembly (23868ms)
			LoadAssemblies (12553ms)
			RebuildTransferFunctionScriptingTraits (0ms)
			SetupTypeCache (17007ms)
			ReleaseScriptCaches (8ms)
			RebuildScriptCaches (2590ms)
			SetupLoadedEditorAssemblies (1446ms)
				LogAssemblyErrors (0ms)
				InitializePlatformSupportModulesInManaged (20ms)
				SetLoadedEditorAssemblies (1ms)
				RefreshPlugins (7ms)
				BeforeProcessingInitializeOnLoad (343ms)
				ProcessInitializeOnLoadAttributes (997ms)
				ProcessInitializeOnLoadMethodAttributes (46ms)
				AfterProcessingInitializeOnLoad (31ms)
				EditorAssembliesLoaded (1ms)
			ExecutionOrderSort2 (0ms)
			AwakeInstancesAfterBackupRestoration (19ms)
Platform modules already initialized, skipping
Refreshing native plugins compatible for Editor in 1.23 ms, found 3 plugins.
Preloading 0 native plugins for Editor in 0.00 ms.
Unloading 2532 Unused Serialized files (Serialized files now loaded: 0)
System memory in use before: 113.3 MB.
System memory in use after: 113.5 MB.

Unloading 17 unused Assets to reduce memory usage. Loaded Objects now: 3003.
Total: 7.500100 ms (FindLiveObjects: 0.490900 ms CreateObjectMapping: 0.426000 ms MarkObjects: 6.520400 ms  DeleteObjects: 0.058600 ms)

AssetImportParameters requested are different than current active one (requested -> active):
  custom:framework-win-MediaFoundation: 216162199b28c13a410421893ffa2e32 -> 
  custom:video-decoder-ogg-theora: a1e56fd34408186e4bbccfd4996cb3dc -> 
  custom:container-muxer-webm: aa71ff27fc2769a1b78a27578f13a17b -> 
  custom:container-demuxer-webm: 4f35f7cbe854078d1ac9338744f61a02 -> 
  custom:container-demuxer-ogg: 62fdf1f143b41e24485cea50d1cbac27 -> 
  custom:video-encoder-webm-vp8: eb34c28f22e8b96e1ab97ce403110664 -> 
  custom:video-decoder-webm-vp8: 9c59270c3fd7afecdb556c50c9e8de78 -> 
  custom:audio-decoder-ogg-vorbis: bf7c407c2cedff20999df2af8eb42d56 -> 
  custom:audio-encoder-webm-vorbis: bf7c407c2cedff20999df2af8eb42d56 -> 
========================================================================
Received Prepare
Refreshing native plugins compatible for Editor in 178.50 ms, found 3 plugins.
Preloading 0 native plugins for Editor in 0.00 ms.
Unloading 15 Unused Serialized files (Serialized files now loaded: 0)
System memory in use before: 62.5 MB.
System memory in use after: 62.7 MB.

Unloading 15 unused Assets to reduce memory usage. Loaded Objects now: 3003.
Total: 14.184100 ms (FindLiveObjects: 0.532200 ms CreateObjectMapping: 0.430700 ms MarkObjects: 13.127700 ms  DeleteObjects: 0.089100 ms)

AssetImportParameters requested are different than current active one (requested -> active):
  custom:framework-win-MediaFoundation: 216162199b28c13a410421893ffa2e32 -> 
  custom:video-decoder-ogg-theora: a1e56fd34408186e4bbccfd4996cb3dc -> 
  custom:container-muxer-webm: aa71ff27fc2769a1b78a27578f13a17b -> 
  custom:container-demuxer-webm: 4f35f7cbe854078d1ac9338744f61a02 -> 
  custom:container-demuxer-ogg: 62fdf1f143b41e24485cea50d1cbac27 -> 
  custom:video-encoder-webm-vp8: eb34c28f22e8b96e1ab97ce403110664 -> 
  custom:video-decoder-webm-vp8: 9c59270c3fd7afecdb556c50c9e8de78 -> 
  custom:audio-decoder-ogg-vorbis: bf7c407c2cedff20999df2af8eb42d56 -> 
  custom:audio-encoder-webm-vorbis: bf7c407c2cedff20999df2af8eb42d56 -> 
AssetImportWorkerClient::OnTransportError - code=2 error=End of file
